<?xml version="1.0" encoding="UTF-8"?>
<testsuite xmlns:xsi="http://www.w3.org/2001/XMLSchema-instance" xsi:noNamespaceSchemaLocation="https://maven.apache.org/surefire/maven-surefire-plugin/xsd/surefire-test-report-3.0.xsd" version="3.0" name="testRunner.TestRun" time="52.034" tests="2" errors="0" skipped="0" failures="0">
  <properties>
[...]
</properties>
  <testcase name="Add a new Customer" classname="Customers" time="36.584">
    <system-out><![CDATA[
@sanity
Scenario: Add a new Customer                                                              # Features/customers.feature:11
 INFO [main] (Steps.java:55)- **************Lunching URL*********
   Given User Launch Chrome browser                                                        # stepDefinitions.Steps.user_launch_chrome_browser()
 INFO [main] (Steps.java:69)- **************Openning URL*********
   When User opens URL "http://admin-demo.nopcommerce.com/login"                           # stepDefinitions.Steps.user_opens_url(java.lang.String)
 INFO [main] (Steps.java:76)- **************Providing login details*********
   And User  enters Email as "admin@yourstore.com" and Password as "admin"                 # stepDefinitions.Steps.user_enters_email_as_and_password_as(java.lang.String,java.lang.String)
 INFO [main] (Steps.java:83)- **************Started Loging*********
   And Click on Login                                                                      # stepDefinitions.Steps.click_on_login()
  Then User can view Dashboard                                                            # stepDefinitions.Steps.user_can_view_dashboard()
  When User click on customers Menu                                                       # stepDefinitions.Steps.user_click_on_customers_menu()
  And Click on customers Menu item                                                        # stepDefinitions.Steps.click_on_customers_menu_item()
  And click on Add new                                                                    # stepDefinitions.Steps.click_on_add_new()
  Then User can view Add new custumer                                                     # stepDefinitions.Steps.user_can_view_add_new_custumer()
 INFO [main] (Steps.java:162)- **************Adding new customer *********
  INFO [main] (Steps.java:163)- **************Providing customer detail*********
   When user enter customer info                                                           # stepDefinitions.Steps.user_enter_customer_info()
 INFO [main] (Steps.java:186)- **************Saving custuomer data*********
   And click on Save button                                                                # stepDefinitions.Steps.click_on_save_button()
  Then user can view confirmation message "The new customer has been added successfully." # stepDefinitions.Steps.user_can_view_confirmation_message(java.lang.String)
 INFO [main] (Steps.java:110)- **************closing browser*********
   And close browser                                                                       # stepDefinitions.Steps.close_browser()
]]></system-out>
    <system-err><![CDATA[SLF4J: Failed to load class "org.slf4j.impl.StaticLoggerBinder".
SLF4J: Defaulting to no-operation (NOP) logger implementation
SLF4J: See http://www.slf4j.org/codes.html#StaticLoggerBinder for further details.
Starting Microsoft Edge WebDriver 111.0.1661.62 (0a8f453929e6410c973aa529a40485ce4e3e03db) on port 26320
To submit feedback, report a bug, or suggest new features, please visit https://github.com/MicrosoftEdge/EdgeWebDriver

Only local connections are allowed.
Please see https://aka.ms/WebDriverSecurity for suggestions on keeping Microsoft Edge WebDriver safe.

Microsoft Edge WebDriver was started successfully.
avr. 07, 2023 11:57:24 PM org.openqa.selenium.devtools.CdpVersionFinder findNearestMatch
WARNING: Unable to find an exact match for CDP version 111, so returning the closest version found: 110
avr. 07, 2023 11:57:57 PM org.openqa.selenium.remote.http.WebSocket$Listener onError
WARNING: Connection reset
java.net.SocketException: Connection reset
	at java.base/sun.nio.ch.SocketChannelImpl.throwConnectionReset(SocketChannelImpl.java:394)
	at java.base/sun.nio.ch.SocketChannelImpl.read(SocketChannelImpl.java:426)
	at io.netty.buffer.PooledByteBuf.setBytes(PooledByteBuf.java:259)
	at io.netty.buffer.AbstractByteBuf.writeBytes(AbstractByteBuf.java:1132)
	at io.netty.channel.socket.nio.NioSocketChannel.doReadBytes(NioSocketChannel.java:357)
	at io.netty.channel.nio.AbstractNioByteChannel$NioByteUnsafe.read(AbstractNioByteChannel.java:151)
	at io.netty.channel.nio.NioEventLoop.processSelectedKey(NioEventLoop.java:788)
	at io.netty.channel.nio.NioEventLoop.processSelectedKeysOptimized(NioEventLoop.java:724)
	at io.netty.channel.nio.NioEventLoop.processSelectedKeys(NioEventLoop.java:650)
	at io.netty.channel.nio.NioEventLoop.run(NioEventLoop.java:562)
	at io.netty.util.concurrent.SingleThreadEventExecutor$4.run(SingleThreadEventExecutor.java:997)
	at io.netty.util.internal.ThreadExecutorMap$2.run(ThreadExecutorMap.java:74)
	at io.netty.util.concurrent.FastThreadLocalRunnable.run(FastThreadLocalRunnable.java:30)
	at java.base/java.lang.Thread.run(Thread.java:833)

]]></system-err>
  </testcase>
  <testcase name="Successful Login with Valid Credentials" classname="login" time="15.315">
    <system-out><![CDATA[
@sanity
Scenario: Successful Login with Valid Credentials                         # Features/login.feature:4
 INFO [main] (Steps.java:55)- **************Lunching URL*********
   Given User Launch Chrome browser                                        # stepDefinitions.Steps.user_launch_chrome_browser()
 INFO [main] (Steps.java:69)- **************Openning URL*********
   When User opens URL "http://admin-demo.nopcommerce.com/login"           # stepDefinitions.Steps.user_opens_url(java.lang.String)
 INFO [main] (Steps.java:76)- **************Providing login details*********
   And User  enters Email as "admin@yourstore.com" and Password as "admin" # stepDefinitions.Steps.user_enters_email_as_and_password_as(java.lang.String,java.lang.String)
 INFO [main] (Steps.java:83)- **************Started Loging*********
   And Click on Login                                                      # stepDefinitions.Steps.click_on_login()
 INFO [main] (Steps.java:95)- **************Logging failed*********
   Then Page Title should be "Dashboard / nopCommerce administration"      # stepDefinitions.Steps.page_title_should_be(java.lang.String)
 INFO [main] (Steps.java:103)- **************Click on logout link*********
   When User click on Log out link                                         # stepDefinitions.Steps.user_click_on_log_out_link()
 INFO [main] (Steps.java:95)- **************Logging failed*********
   Then Page Title should be "Your store. Login"                           # stepDefinitions.Steps.page_title_should_be(java.lang.String)
 INFO [main] (Steps.java:110)- **************closing browser*********
   And close browser                                                       # stepDefinitions.Steps.close_browser()
]]></system-out>
    <system-err><![CDATA[Starting Microsoft Edge WebDriver 111.0.1661.62 (0a8f453929e6410c973aa529a40485ce4e3e03db) on port 10609
To submit feedback, report a bug, or suggest new features, please visit https://github.com/MicrosoftEdge/EdgeWebDriver

Only local connections are allowed.
Please see https://aka.ms/WebDriverSecurity for suggestions on keeping Microsoft Edge WebDriver safe.

Microsoft Edge WebDriver was started successfully.
avr. 07, 2023 11:58:00 PM org.openqa.selenium.devtools.CdpVersionFinder findNearestMatch
WARNING: Unable to find an exact match for CDP version 111, so returning the closest version found: 110
]]></system-err>
  </testcase>
</testsuite>